build/app/intermediates/manifest_merge_blame_file/debug/manifest-merger-blame-debug-report.txt
1<?xml version="1.0" encoding="utf-8"?>
2<!--
3 Copyright 2014 The Flutter Authors. All rights reserved.
4Use of this source code is governed by a BSD-style license that can be
5found in the LICENSE file.
6-->
7<manifest xmlns:android="http://schemas.android.com/apk/res/android"
8    package="io.flutter.examples.hello_world"
9    android:versionCode="1"
10    android:versionName="1.0.0" >
11
12    <uses-sdk
13        android:minSdkVersion="16"
13-->src\main\AndroidManifest.xml
14        android:targetSdkVersion="31" />
14-->src\main\AndroidManifest.xml
15
16    <!--
17         The INTERNET permission is required for development. Specifically,
18         flutter needs it to communicate with the running application
19         to allow setting breakpoints, to provide hot reload, etc.
20    -->
21    <uses-permission android:name="android.permission.INTERNET" />
21-->src\main\AndroidManifest.xml:12:5-66
21-->src\main\AndroidManifest.xml:12:22-64
22
23    <application
23-->src\main\AndroidManifest.xml:14:5-30:19
24        android:appComponentFactory="androidx.core.app.CoreComponentFactory"
24-->[androidx.core:core:1.6.0] AndroidManifest.xml:24:18-86
25        android:debuggable="true"
26        android:icon="@mipmap/ic_launcher"
26-->src\main\AndroidManifest.xml:14:46-80
27        android:label="hello_world" >
27-->src\main\AndroidManifest.xml:14:18-45
28        <activity
28-->src\main\AndroidManifest.xml:15:9-24:20
29            android:name="io.flutter.embedding.android.FlutterActivity"
29-->src\main\AndroidManifest.xml:15:19-78
30            android:configChanges="orientation|keyboardHidden|keyboard|screenSize|locale|layoutDirection|fontScale|screenLayout|density|uiMode"
30-->src\main\AndroidManifest.xml:17:19-150
31            android:hardwareAccelerated="true"
31-->src\main\AndroidManifest.xml:18:19-53
32            android:theme="@android:style/Theme.Black.NoTitleBar"
32-->src\main\AndroidManifest.xml:16:19-72
33            android:windowSoftInputMode="adjustResize" >
33-->src\main\AndroidManifest.xml:19:19-61
34            <intent-filter>
34-->src\main\AndroidManifest.xml:20:13-23:29
35                <action android:name="android.intent.action.MAIN" />
35-->src\main\AndroidManifest.xml:21:17-68
35-->src\main\AndroidManifest.xml:21:25-66
36
37                <category android:name="android.intent.category.LAUNCHER" />
37-->src\main\AndroidManifest.xml:22:17-76
37-->src\main\AndroidManifest.xml:22:27-74
38            </intent-filter>
39        </activity>
40        <!--
41         Don't delete the meta-data below.
42         This is used by the Flutter tool to generate GeneratedPluginRegistrant.java
43        -->
44        <meta-data
44-->src\main\AndroidManifest.xml:27:9-29:33
45            android:name="flutterEmbedding"
45-->src\main\AndroidManifest.xml:28:13-44
46            android:value="2" />
46-->src\main\AndroidManifest.xml:29:13-30
47    </application>
48
49</manifest>